User option given: --user AATUW5BVHX46PYBC:ugGZnllAoGuvCu7V3PuCNuYOYrgcNb4JUjuu8h2cBWefXOeUIKizVYVHZqQCvoMB
/var/folders/zz/zyxvpxvq6csfxvn_n0000000000000/T/tmp.Rn8sGBqP
User option given: --user AATUW5BVHX46PYBC:ugGZnllAoGuvCu7V3PuCNuYOYrgcNb4JUjuu8h2cBWefXOeUIKizVYVHZqQCvoMB
/var/folders/zz/zyxvpxvq6csfxvn_n0000000000000/T/tmp.EtHXTg3d
User option given: --user AATUW5BVHX46PYBC:ugGZnllAoGuvCu7V3PuCNuYOYrgcNb4JUjuu8h2cBWefXOeUIKizVYVHZqQCvoMB
/var/folders/zz/zyxvpxvq6csfxvn_n0000000000000/T/tmp.NMIaTKPz
{"error":{"code":404,"message":"resource not found"}}
/var/folders/zz/zyxvpxvq6csfxvn_n0000000000000/T/tmp.N3doXEEd
User option given: --user AATUW5BVHX46PYBC:ugGZnllAoGuvCu7V3PuCNuYOYrgcNb4JUjuu8h2cBWefXOeUIKizVYVHZqQCvoMB
/var/folders/zz/zyxvpxvq6csfxvn_n0000000000000/T/tmp.EfURW9Na
/var/folders/zz/zyxvpxvq6csfxvn_n0000000000000/T/tmp.dwNWmOx5
/var/folders/zz/zyxvpxvq6csfxvn_n0000000000000/T/tmp.f8Uw1bSF
/var/folders/zz/zyxvpxvq6csfxvn_n0000000000000/T/tmp.PTWZJjuk
{"error":{"code":404,"message":"resource not found"}}
/var/folders/zz/zyxvpxvq6csfxvn_n0000000000000/T/tmp.1NdjtFoe
/var/folders/zz/zyxvpxvq6csfxvn_n0000000000000/T/tmp.wJKNflWO
/var/folders/zz/zyxvpxvq6csfxvn_n0000000000000/T/tmp.k3zOuUUu
{"error":{"code":404,"message":"resource not found"}}
/var/folders/zz/zyxvpxvq6csfxvn_n0000000000000/T/tmp.U7K5nQXu
/var/folders/zz/zyxvpxvq6csfxvn_n0000000000000/T/tmp.uQEhsk9x
/var/folders/zz/zyxvpxvq6csfxvn_n0000000000000/T/tmp.kmoDrhmN
{"error":{"code":404,"message":"resource not found"}}
/var/folders/zz/zyxvpxvq6csfxvn_n0000000000000/T/tmp.mZtESypH
/var/folders/zz/zyxvpxvq6csfxvn_n0000000000000/T/tmp.52qapfSP
/var/folders/zz/zyxvpxvq6csfxvn_n0000000000000/T/tmp.YZpBF3Y9
{"error":{"code":404,"message":"resource not found"}}
/var/folders/zz/zyxvpxvq6csfxvn_n0000000000000/T/tmp.M3jlmCXe
/var/folders/zz/zyxvpxvq6csfxvn_n0000000000000/T/tmp.mXEGIJ0l
/var/folders/zz/zyxvpxvq6csfxvn_n0000000000000/T/tmp.BL9H3O5d
{"error":{"code":404,"message":"resource not found"}}
/var/folders/zz/zyxvpxvq6csfxvn_n0000000000000/T/tmp.quQspXez
/var/folders/zz/zyxvpxvq6csfxvn_n0000000000000/T/tmp.wP4jZS94
/var/folders/zz/zyxvpxvq6csfxvn_n0000000000000/T/tmp.5O1rptZl
{"error":{"code":404,"message":"resource not found"}}
/var/folders/zz/zyxvpxvq6csfxvn_n0000000000000/T/tmp.y8lZ2YdV
/var/folders/zz/zyxvpxvq6csfxvn_n0000000000000/T/tmp.u5mWb6oN
/var/folders/zz/zyxvpxvq6csfxvn_n0000000000000/T/tmp.RLEpdGEL
{"error":{"code":404,"message":"resource not found"}}
/var/folders/zz/zyxvpxvq6csfxvn_n0000000000000/T/tmp.PdWegYlI
/var/folders/zz/zyxvpxvq6csfxvn_n0000000000000/T/tmp.X2Ed6NWs
/var/folders/zz/zyxvpxvq6csfxvn_n0000000000000/T/tmp.5WBo7JGx
/var/folders/zz/zyxvpxvq6csfxvn_n0000000000000/T/tmp.59PBC4KK
/var/folders/zz/zyxvpxvq6csfxvn_n0000000000000/T/tmp.cJ3DPHIi
/var/folders/zz/zyxvpxvq6csfxvn_n0000000000000/T/tmp.zW5bHB72
/var/folders/zz/zyxvpxvq6csfxvn_n0000000000000/T/tmp.N5ABIBJg
/var/folders/zz/zyxvpxvq6csfxvn_n0000000000000/T/tmp.43owq8xv
/var/folders/zz/zyxvpxvq6csfxvn_n0000000000000/T/tmp.c3Jvuftp
/var/folders/zz/zyxvpxvq6csfxvn_n0000000000000/T/tmp.NB2PYuTW
/var/folders/zz/zyxvpxvq6csfxvn_n0000000000000/T/tmp.gmJ0RwgR
/var/folders/zz/zyxvpxvq6csfxvn_n0000000000000/T/tmp.Ttd7G18l
/var/folders/zz/zyxvpxvq6csfxvn_n0000000000000/T/tmp.PBAWu5Xu
/var/folders/zz/zyxvpxvq6csfxvn_n0000000000000/T/tmp.6sqCxHzf
/var/folders/zz/zyxvpxvq6csfxvn_n0000000000000/T/tmp.WecHoekS
/var/folders/zz/zyxvpxvq6csfxvn_n0000000000000/T/tmp.VJgnlJcr
/var/folders/zz/zyxvpxvq6csfxvn_n0000000000000/T/tmp.lNgKZoJN
/var/folders/zz/zyxvpxvq6csfxvn_n0000000000000/T/tmp.ZU2X2ct3
/var/folders/zz/zyxvpxvq6csfxvn_n0000000000000/T/tmp.IkMEdEIE
/var/folders/zz/zyxvpxvq6csfxvn_n0000000000000/T/tmp.wUb9YjgN
/var/folders/zz/zyxvpxvq6csfxvn_n0000000000000/T/tmp.8stWBPA7
/var/folders/zz/zyxvpxvq6csfxvn_n0000000000000/T/tmp.S7tRkwcV
/var/folders/zz/zyxvpxvq6csfxvn_n0000000000000/T/tmp.kY3Mh6Mh
/var/folders/zz/zyxvpxvq6csfxvn_n0000000000000/T/tmp.GcYVTSuQ
/var/folders/zz/zyxvpxvq6csfxvn_n0000000000000/T/tmp.cwoF0QsL
/var/folders/zz/zyxvpxvq6csfxvn_n0000000000000/T/tmp.oFxOLnTp
/var/folders/zz/zyxvpxvq6csfxvn_n0000000000000/T/tmp.CZWOHiKp
{"error":null}/var/folders/zz/zyxvpxvq6csfxvn_n0000000000000/T/tmp.YHdY2WAo
/var/folders/zz/zyxvpxvq6csfxvn_n0000000000000/T/tmp.1c1CF8li
/var/folders/zz/zyxvpxvq6csfxvn_n0000000000000/T/tmp.Bs5TsP8i
{"error":{"code":404,"message":"resource not found"}}
/var/folders/zz/zyxvpxvq6csfxvn_n0000000000000/T/tmp.D3kOnlaG
/var/folders/zz/zyxvpxvq6csfxvn_n0000000000000/T/tmp.aw1eHmup
/var/folders/zz/zyxvpxvq6csfxvn_n0000000000000/T/tmp.G4urYIrE
{"error":{"code":404,"message":"resource not found"}}
/var/folders/zz/zyxvpxvq6csfxvn_n0000000000000/T/tmp.r39QLqrh
/var/folders/zz/zyxvpxvq6csfxvn_n0000000000000/T/tmp.NxUbUxox
/var/folders/zz/zyxvpxvq6csfxvn_n0000000000000/T/tmp.aNrStuvB
/var/folders/zz/zyxvpxvq6csfxvn_n0000000000000/T/tmp.KVp2Slzj
/var/folders/zz/zyxvpxvq6csfxvn_n0000000000000/T/tmp.5s9vfiMQ
/var/folders/zz/zyxvpxvq6csfxvn_n0000000000000/T/tmp.KPjgg23i
{"error":null}/var/folders/zz/zyxvpxvq6csfxvn_n0000000000000/T/tmp.inRndrzh
/var/folders/zz/zyxvpxvq6csfxvn_n0000000000000/T/tmp.rFO2gKe0
/var/folders/zz/zyxvpxvq6csfxvn_n0000000000000/T/tmp.3HAlzGm5
{"error":{"code":404,"message":"resource not found"}}
/var/folders/zz/zyxvpxvq6csfxvn_n0000000000000/T/tmp.q3kkj4dz
/var/folders/zz/zyxvpxvq6csfxvn_n0000000000000/T/tmp.a9cuKgAV
/var/folders/zz/zyxvpxvq6csfxvn_n0000000000000/T/tmp.9ZSaWpU5
{"error":{"code":404,"message":"resource not found"}}
/var/folders/zz/zyxvpxvq6csfxvn_n0000000000000/T/tmp.1SauLwCa
curl: (6) Could not resolve host: connect
/var/folders/zz/zyxvpxvq6csfxvn_n0000000000000/T/tmp.Qd5UxnjH
/var/folders/zz/zyxvpxvq6csfxvn_n0000000000000/T/tmp.MGj4a88i
/var/folders/zz/zyxvpxvq6csfxvn_n0000000000000/T/tmp.cs7oIsof
{"error":{"code":404,"message":"resource not found"}}
/var/folders/zz/zyxvpxvq6csfxvn_n0000000000000/T/tmp.cdIysAqQ
curl: (6) Could not resolve host: connect
/var/folders/zz/zyxvpxvq6csfxvn_n0000000000000/T/tmp.EgrTRAKh
/var/folders/zz/zyxvpxvq6csfxvn_n0000000000000/T/tmp.TbxpFGn0
/var/folders/zz/zyxvpxvq6csfxvn_n0000000000000/T/tmp.IiDY0x0A
{"error":{"code":404,"message":"resource not found"}}
/var/folders/zz/zyxvpxvq6csfxvn_n0000000000000/T/tmp.RKuRLulf
curl: (6) Could not resolve host: connect
/var/folders/zz/zyxvpxvq6csfxvn_n0000000000000/T/tmp.Z8ZJGugn
/var/folders/zz/zyxvpxvq6csfxvn_n0000000000000/T/tmp.tyioJNaQ
/var/folders/zz/zyxvpxvq6csfxvn_n0000000000000/T/tmp.9m9NBxAP
/var/folders/zz/zyxvpxvq6csfxvn_n0000000000000/T/tmp.pk9r8MSf
{"error":{"code":404,"message":"resource not found"}}
/var/folders/zz/zyxvpxvq6csfxvn_n0000000000000/T/tmp.Iig1MXoO
/var/folders/zz/zyxvpxvq6csfxvn_n0000000000000/T/tmp.W2lacogE
/var/folders/zz/zyxvpxvq6csfxvn_n0000000000000/T/tmp.UBhuu47c
/var/folders/zz/zyxvpxvq6csfxvn_n0000000000000/T/tmp.fKF6XJQG
{"error":{"code":404,"message":"resource not found"}}
/var/folders/zz/zyxvpxvq6csfxvn_n0000000000000/T/tmp.f0iPKjla
/var/folders/zz/zyxvpxvq6csfxvn_n0000000000000/T/tmp.JNktItFq
/var/folders/zz/zyxvpxvq6csfxvn_n0000000000000/T/tmp.UcVb1omi
{"error":null}